<?xml version="1.0" encoding="UTF-8"?>
<!-- Generated by org.testng.reporters.JUnitReportReporter -->
<testsuite hostname="Ankit" failures="0" tests="1" name="hyrTytorial.HyrTest" time="66.215" errors="0" timestamp="2024-09-11T21:30:55 IST" skipped="0">
  <testcase classname="hyrTytorial.HyrTest" name="hyrpage" time="66.215"/>
</testsuite> <!-- hyrTytorial.HyrTest -->
