<?xml version="1.0" encoding="UTF-8"?>
<!-- Generated by org.testng.reporters.JUnitReportReporter -->
<testsuite hostname="Ankit" failures="0" tests="1" name="practise.SecondTest" time="0.002" errors="0" timestamp="2024-09-14T22:08:20 IST" skipped="0">
  <testcase classname="practise.SecondTest" name="mSecond" time="0.002"/>
</testsuite> <!-- practise.SecondTest -->
