<?xml version="1.0" encoding="UTF-8"?>
<!-- Generated by org.testng.reporters.JUnitReportReporter -->
<<<<<<< HEAD
<testsuite hostname="Ankit" failures="0" tests="1" name="practise.HyrOneTest" time="28.078" errors="0" timestamp="2024-09-13T16:03:54 IST" skipped="0">
  <testcase classname="practise.HyrOneTest" name="hyrpage" time="28.078"/>
=======
<testsuite hostname="Ankit" failures="0" tests="1" name="practise.HyrOneTest" time="174.062" errors="0" timestamp="2024-09-14T18:19:22 IST" skipped="0">
  <testcase classname="practise.HyrOneTest" name="hyrpage" time="174.062"/>
>>>>>>> ab14aa9 (Add Daily in pom.xml)
</testsuite> <!-- practise.HyrOneTest -->
