<?xml version="1.0" encoding="UTF-8"?>
<!-- Generated by org.testng.reporters.JUnitReportReporter -->
<testsuite hostname="Ankit" failures="0" tests="1" name="practise.HyrOneTest" time="117.980" errors="0" timestamp="2024-09-14T21:33:53 IST" skipped="0">
  <testcase classname="practise.HyrOneTest" name="hyrpage" time="117.980"/>
</testsuite> <!-- practise.HyrOneTest -->
