<?xml version="1.0" encoding="UTF-8"?>
<!-- Generated by org.testng.reporters.JUnitReportReporter -->
<testsuite hostname="Ankit" failures="0" tests="1" name="practise.ThirdTest" time="0.020" errors="0" timestamp="2024-09-14T22:08:20 IST" skipped="0">
  <testcase classname="practise.ThirdTest" name="thirdTest" time="0.020"/>
</testsuite> <!-- practise.ThirdTest -->
