<?xml version="1.0" encoding="UTF-8"?>
<!-- Generated by org.testng.reporters.JUnitReportReporter -->
<testsuite hostname="Ankit" failures="0" tests="1" name="practise.FourthTest" time="0.015" errors="0" timestamp="2024-09-13T16:03:54 IST" skipped="0">
  <testcase classname="practise.FourthTest" name="mFourth" time="0.015"/>
</testsuite> <!-- practise.FourthTest -->
